<?xml version="1.0" encoding="UTF-8"?>
<!-- Generated by org.testng.reporters.JUnitReportReporter -->
<testsuite hostname="DESKTOP-PR23U22" failures="0" tests="1" name="mavenproject.DemoProject.NewTest" time="18.908" errors="0" timestamp="2020-09-15T10:56:19 IST" skipped="0">
  <testcase classname="mavenproject.DemoProject.NewTest" name="testcase" time="18.908"/>
  <system-out/>
</testsuite> <!-- mavenproject.DemoProject.NewTest -->
